2026-07-15 19:32:08,064 | INFO | Homelab Guardian started
2026-07-15 19:32:09,085 | INFO | Health report saved to sample-output/health_report_20260715_193209.json
2026-07-15 19:32:09,085 | INFO | All monitored system metrics are healthy
2026-07-15 19:36:01,596 | INFO | Homelab Guardian started
2026-07-15 19:36:02,613 | INFO | Health report saved to sample-output/health_report_20260715_193602.json
2026-07-15 19:36:02,613 | INFO | All monitored system metrics are healthy
2026-07-15 19:36:02,652 | INFO | Homelab Guardian started
2026-07-15 19:36:03,665 | INFO | Health report saved to sample-output/health_report_20260715_193603.json
2026-07-15 19:36:03,665 | INFO | All monitored system metrics are healthy
2026-07-15 19:40:40,343 | INFO | Homelab Guardian started
2026-07-15 19:40:41,625 | INFO | Health report saved to sample-output/health_report_20260715_194041.json
2026-07-15 19:40:41,626 | INFO | All monitored system and network metrics are healthy
2026-07-15 19:57:50,161 | INFO | Homelab Guardian started
2026-07-15 19:57:51,415 | INFO | Health report saved to sample-output/health_report_20260715_195751.json
2026-07-15 19:57:51,416 | INFO | All monitored system and network metrics are healthy
2026-07-15 19:57:52,565 | INFO | Email notification sent to hidalgo.zachary@gmail.com
2026-07-15 20:00:41,587 | INFO | Homelab Guardian started
2026-07-15 20:00:42,831 | INFO | Health report saved to sample-output/health_report_20260715_200042.json
2026-07-15 20:00:42,832 | INFO | All monitored system and network metrics are healthy
2026-07-15 20:00:44,026 | INFO | Email notification sent to hidalgo.zachary@gmail.com
2026-07-15 20:04:49,211 | INFO | Homelab Guardian started
2026-07-15 20:04:50,460 | INFO | Health report saved to sample-output/health_report_20260715_200450.json
2026-07-15 20:04:50,460 | INFO | All monitored system and network metrics are healthy
2026-07-15 20:04:52,236 | INFO | Email notification sent to hidalgo.zachary@gmail.com
2026-07-15 20:09:12,433 | INFO | Homelab Guardian started
2026-07-15 20:09:13,659 | INFO | Health report saved to sample-output/health_report_20260715_200913.json
2026-07-15 20:09:13,660 | INFO | All monitored system and network metrics are healthy
2026-07-15 20:09:14,894 | INFO | Email notification sent to hidalgo.zachary@gmail.com
2026-07-15 23:37:17,221 | INFO | Homelab Guardian started
2026-07-15 23:37:19,528 | INFO | Health report saved to sample-output/health_report_20260715_233719.json
2026-07-15 23:37:19,529 | INFO | All monitored system and network metrics are healthy
2026-07-15 23:37:21,695 | INFO | Email notification sent to hidalgo.zachary@gmail.com
2026-07-15 23:37:21,696 | INFO | Homelab Guardian completed successfully
